2025-10-01 11:04:59: == Sync Started by User Command
2025-10-01 11:04:59: ConnectCloned connected to file:///C:/wamp/www/netlosllanos
2025-10-01 11:04:59: ConnectCloned connected to smb://rellanif023/c$/wamp/www
2025-10-01 11:04:59: ConnectCloned connected to file:///C:/wamp/www/netlosllanos
2025-10-01 11:04:59: ConnectCloned connected to smb://rellanif023/c$/wamp/www
2025-10-01 11:04:59: ConnectCloned connected to file:///C:/wamp/www/netlosllanos
2025-10-01 11:04:59: ConnectCloned connected to smb://rellanif023/c$/wamp/www
2025-10-01 11:04:59: Create Folder //rellanif023/c$/wamp/www/assets
2025-10-01 11:04:59: Copy New 'C:/wamp/www/netlosllanos/bienes/16_quitar_funcionario.php' -> '//rellanif023/c$/wamp/www/bienes/16_quitar_funcionario.php' (1,248)
2025-10-01 11:04:59: Create Folder //rellanif023/c$/wamp/www/assets/svg
2025-10-01 11:04:59: Copy Over 'C:/wamp/www/netlosllanos/bienes/16_rpu_listado.php' -> '//rellanif023/c$/wamp/www/bienes/16_rpu_listado.php' (5,845)
2025-10-01 11:04:59: Copy Over 'C:/wamp/www/netlosllanos/almacen/_backup/9anular_solicitud_guardar.php' -> '//rellanif023/c$/wamp/www/almacen/_backup/9anular_solicitud_guardar.php' (883)
2025-10-01 11:04:59: Copy Over 'C:/wamp/www/netlosllanos/bienes/16_rpu.php' -> '//rellanif023/c$/wamp/www/bienes/16_rpu.php' (14,989)
2025-10-01 11:04:59: Copy New 'C:/wamp/www/netlosllanos/bienes/ajax_detalle_movimiento.php' -> '//rellanif023/c$/wamp/www/bienes/ajax_detalle_movimiento.php' (1,506)
2025-10-01 11:04:59: Copy New 'C:/wamp/www/netlosllanos/bienes/ajax_detalle_sin_asignar.php' -> '//rellanif023/c$/wamp/www/bienes/ajax_detalle_sin_asignar.php' (1,697)
2025-10-01 11:04:59: Copy New 'C:/wamp/www/netlosllanos/assets/svg/flake.svg' -> '//rellanif023/c$/wamp/www/assets/svg/flake.svg' (1,016)
2025-10-01 11:04:59: Copy New 'C:/wamp/www/netlosllanos/bienes/ajax_pending_approvals.php' -> '//rellanif023/c$/wamp/www/bienes/ajax_pending_approvals.php' (0)
2025-10-01 11:04:59: Close Modified Folder (mod-time, acl): /assets/svg
2025-10-01 11:04:59: Close Modified Folder (mod-time, acl): /assets
2025-10-01 11:05:00: Copy New 'C:/wamp/www/netlosllanos/bienes/menuprincipal.php.bak' -> '//rellanif023/c$/wamp/www/bienes/menuprincipal.php.bak' (20,835)
2025-10-01 11:05:00: Copy Over 'C:/wamp/www/netlosllanos/funciones/footNew.php' -> '//rellanif023/c$/wamp/www/funciones/footNew.php' (1,416)
2025-10-01 11:05:00: C:/wamp/www/netlosllanos/bienes/menuprincipal.php: Source file has changed between Analyze and Sync from '[file] size=26,159 accu-time=2025-10-01 10:57:37 attr=Archive,WArchive cktype=0' to 'size=26,903 time=2025-10-01 11:04:55', noted in source file state
2025-10-01 11:05:00: Copy Over 'C:/wamp/www/netlosllanos/bienes/menuprincipal.php' -> '//rellanif023/c$/wamp/www/bienes/menuprincipal.php' (26,159)
2025-10-01 11:05:00: Save State File C:/wamp/www/netlosllanos/_gsdata_/_file_state_v4._gs
2025-10-01 11:05:01: Save State File //rellanif023/c$/wamp/www/_gsdata_/_file_state_v4._gs
2025-10-01 11:05:01: Deleted Recycled: //rellanif023/c$/wamp/www/_gsdata_/_saved_/funciones/run_bcv_update.php
2025-10-01 11:05:16: == Sync Complete. Time: 00:00:17, Speed: 0.00/s, OK: 13, Errors: 0
