2025-09-23 11:38:50: == Sync Started by User Command
2025-09-23 11:38:50: ConnectCloned connected to file:///C:/wamp/www/netlosllanos
2025-09-23 11:38:50: ConnectCloned connected to file:///C:/wamp/www/netlosllanos
2025-09-23 11:38:50: ConnectCloned connected to file:///C:/wamp/www/netlosllanos
2025-09-23 11:38:50: ConnectCloned connected to smb://rellanif023/c$/wamp/www
2025-09-23 11:38:50: ConnectCloned connected to smb://rellanif023/c$/wamp/www
2025-09-23 11:38:50: ConnectCloned connected to smb://rellanif023/c$/wamp/www
2025-09-23 11:38:51: Delete File C:/wamp/www/netlosllanos/ajuste_ut/6menu_reportes.css (User Action)
2025-09-23 11:38:51: Copy New 'C:/wamp/www/netlosllanos/bienes/11_bienes_por_reasignar.php' -> '//rellanif023/c$/wamp/www/bienes/11_bienes_por_reasignar.php' (1,450)
2025-09-23 11:38:51: Copy New 'C:/wamp/www/netlosllanos/bienes/11_bienes_reasignados.php' -> '//rellanif023/c$/wamp/www/bienes/11_bienes_reasignados.php' (1,554)
2025-09-23 11:38:51: Copy New 'C:/wamp/www/netlosllanos/bienes/11_combo.php' -> '//rellanif023/c$/wamp/www/bienes/11_combo.php' (1,251)
2025-09-23 11:38:51: Copy Over 'C:/wamp/www/netlosllanos/almacen/menuprincipal.php' -> '//rellanif023/c$/wamp/www/almacen/menuprincipal.php' (27,395)
2025-09-23 11:38:51: Copy Over 'C:/wamp/www/netlosllanos/bienes/11_mov_interno_bien.php' -> '//rellanif023/c$/wamp/www/bienes/11_mov_interno_bien.php' (4,651)
2025-09-23 11:38:51: Copy Over 'C:/wamp/www/netlosllanos/bienes/7_combo.php' -> '//rellanif023/c$/wamp/www/bienes/7_combo.php' (3,230)
2025-09-23 11:38:51: Copy New 'C:/wamp/www/netlosllanos/bienes/8_tabla_resultados.php' -> '//rellanif023/c$/wamp/www/bienes/8_tabla_resultados.php' (3,190)
2025-09-23 11:38:51: Copy Over 'C:/wamp/www/netlosllanos/bienes/7menu_reportes.php' -> '//rellanif023/c$/wamp/www/bienes/7menu_reportes.php' (13,606)
2025-09-23 11:38:51: Copy Over 'C:/wamp/www/netlosllanos/bienes/8menu_reportes.php' -> '//rellanif023/c$/wamp/www/bienes/8menu_reportes.php' (10,062)
2025-09-23 11:38:51: Copy Over '//rellanif023/c$/wamp/www/ajuste_ut/6menu_reportes.php' -> 'C:/wamp/www/netlosllanos/ajuste_ut/6menu_reportes.php' (4,480) (User Action)
2025-09-23 11:38:51: Copy Over 'C:/wamp/www/netlosllanos/funciones/valida.php' -> '//rellanif023/c$/wamp/www/funciones/valida.php' (4,716)
2025-09-23 11:38:51: Copy Over 'C:/wamp/www/netlosllanos/index.php' -> '//rellanif023/c$/wamp/www/index.php' (22,928)
2025-09-23 11:38:51: Copy New 'C:/wamp/www/netlosllanos/imagenes/funcionarios/default.png' -> '//rellanif023/c$/wamp/www/imagenes/funcionarios/default.png' (108)
2025-09-23 11:38:51: Copy Over 'C:/wamp/www/netlosllanos/jefaturas/menuprincipal.php' -> '//rellanif023/c$/wamp/www/jefaturas/menuprincipal.php' (48,522)
2025-09-23 11:38:52: Save State File C:/wamp/www/netlosllanos/_gsdata_/_file_state_v4._gs
2025-09-23 11:38:53: Save State File //rellanif023/c$/wamp/www/_gsdata_/_file_state_v4._gs
2025-09-23 11:39:12: == Sync Complete. Time: 00:00:22, Speed: 0.00/s, OK: 15, Errors: 0
