2025-09-19 14:00:08: == Sync Started by User Command
2025-09-19 14:00:08: ConnectCloned connected to file:///C:/wamp/www/netlosllanos
2025-09-19 14:00:08: ConnectCloned connected to file:///C:/wamp/www/netlosllanos
2025-09-19 14:00:08: ConnectCloned connected to file:///C:/wamp/www/netlosllanos
2025-09-19 14:00:08: ConnectCloned connected to smb://rellanif023/c$/wamp/www
2025-09-19 14:00:08: ConnectCloned connected to smb://rellanif023/c$/wamp/www
2025-09-19 14:00:08: ConnectCloned connected to smb://rellanif023/c$/wamp/www
2025-09-19 14:00:09: Delete File //rellanif023/c$/wamp/www/bienes/0_bienes.php
2025-09-19 14:00:09: Delete File //rellanif023/c$/wamp/www/bienes/11_combo.php
2025-09-19 14:00:09: Copy Over 'C:/wamp/www/netlosllanos/almacen/16despachos.php' -> '//rellanif023/c$/wamp/www/almacen/16despachos.php' (6,347)
2025-09-19 14:00:09: Copy New 'C:/wamp/www/netlosllanos/bienes/15a_reiniciar.php' -> '//rellanif023/c$/wamp/www/bienes/15a_reiniciar.php' (356)
2025-09-19 14:00:09: Copy Over 'C:/wamp/www/netlosllanos/bienes/15_inventariar.php' -> '//rellanif023/c$/wamp/www/bienes/15_inventariar.php' (11,977)
2025-09-19 14:00:09: Copy New 'C:/wamp/www/netlosllanos/bienes/15b_reasignar.php' -> '//rellanif023/c$/wamp/www/bienes/15b_reasignar.php' (1,121)
2025-09-19 14:00:09: Copy New 'C:/wamp/www/netlosllanos/bienes/2combo_areas.php' -> '//rellanif023/c$/wamp/www/bienes/2combo_areas.php' (710)
2025-09-19 14:00:09: Copy Over 'C:/wamp/www/netlosllanos/bienes/2areas.php' -> '//rellanif023/c$/wamp/www/bienes/2areas.php' (4,079)
2025-09-19 14:00:09: Copy New 'C:/wamp/www/netlosllanos/bienes/2eliminar_area.php' -> '//rellanif023/c$/wamp/www/bienes/2eliminar_area.php' (816)
2025-09-19 14:00:09: Copy New 'C:/wamp/www/netlosllanos/bienes/2guardar_area.php' -> '//rellanif023/c$/wamp/www/bienes/2guardar_area.php' (2,272)
2025-09-19 14:00:09: Copy New 'C:/wamp/www/netlosllanos/bienes/2modal_area.php' -> '//rellanif023/c$/wamp/www/bienes/2modal_area.php' (9,786)
2025-09-19 14:00:09: Copy New 'C:/wamp/www/netlosllanos/bienes/2tabla_areas.php' -> '//rellanif023/c$/wamp/www/bienes/2tabla_areas.php' (4,475)
2025-09-19 14:00:09: Copy New 'C:/wamp/www/netlosllanos/bienes/3combo.php' -> '//rellanif023/c$/wamp/www/bienes/3combo.php' (2,973)
2025-09-19 14:00:09: Copy New 'C:/wamp/www/netlosllanos/bienes/3eliminar.php' -> '//rellanif023/c$/wamp/www/bienes/3eliminar.php' (1,732)
2025-09-19 14:00:09: Copy New 'C:/wamp/www/netlosllanos/bienes/3guardar.php' -> '//rellanif023/c$/wamp/www/bienes/3guardar.php' (4,220)
2025-09-19 14:00:09: Delete File //rellanif023/c$/wamp/www/bienes/4_guardar.php
2025-09-19 14:00:09: Copy New 'C:/wamp/www/netlosllanos/bienes/3tabla.php' -> '//rellanif023/c$/wamp/www/bienes/3tabla.php' (7,841)
2025-09-19 14:00:09: Copy Over 'C:/wamp/www/netlosllanos/bienes/3ingreso_bienes.php' -> '//rellanif023/c$/wamp/www/bienes/3ingreso_bienes.php' (22,928)
2025-09-19 14:00:09: Copy Over 'C:/wamp/www/netlosllanos/bienes/4reasignacion_bien.php' -> '//rellanif023/c$/wamp/www/bienes/4reasignacion_bien.php' (6,724)
2025-09-19 14:00:09: Delete File //rellanif023/c$/wamp/www/bienes/5b_reiniciar.php
2025-09-19 14:00:09: Copy New 'C:/wamp/www/netlosllanos/bienes/5_procesar_reasignacion.php' -> '//rellanif023/c$/wamp/www/bienes/5_procesar_reasignacion.php' (4,321)
2025-09-19 14:00:09: Delete File //rellanif023/c$/wamp/www/bienes/5f_reasignar.php
2025-09-19 14:00:09: Copy Over 'C:/wamp/www/netlosllanos/bienes/5a_tabla.php' -> '//rellanif023/c$/wamp/www/bienes/5a_tabla.php' (3,733)
2025-09-19 14:00:09: Copy Over 'C:/wamp/www/netlosllanos/bienes/5c_reiniciar.php' -> '//rellanif023/c$/wamp/www/bienes/5c_reiniciar.php' (413)
2025-09-19 14:00:09: Copy Over 'C:/wamp/www/netlosllanos/bienes/6_combo.php' -> '//rellanif023/c$/wamp/www/bienes/6_combo.php' (2,119)
2025-09-19 14:00:09: Copy Over 'C:/wamp/www/netlosllanos/bienes/5reasignacion_bien.php' -> '//rellanif023/c$/wamp/www/bienes/5reasignacion_bien.php' (4,586)
2025-09-19 14:00:09: Copy New 'C:/wamp/www/netlosllanos/bienes/6_procesar_aceptacion.php' -> '//rellanif023/c$/wamp/www/bienes/6_procesar_aceptacion.php' (3,527)
2025-09-19 14:00:09: Copy New 'C:/wamp/www/netlosllanos/bienes/6a_tabla_aceptar.php' -> '//rellanif023/c$/wamp/www/bienes/6a_tabla_aceptar.php' (3,636)
2025-09-19 14:00:09: Delete File //rellanif023/c$/wamp/www/bienes/menu.php
2025-09-19 14:00:09: Copy Over 'C:/wamp/www/netlosllanos/bienes/6aceptar_reasignacion.php' -> '//rellanif023/c$/wamp/www/bienes/6aceptar_reasignacion.php' (5,060)
2025-09-19 14:00:09: Delete File //rellanif023/c$/wamp/www/bienes/salida.php
2025-09-19 14:00:09: Copy Over 'C:/wamp/www/netlosllanos/bienes/index.php' -> '//rellanif023/c$/wamp/www/bienes/index.php' (1,837)
2025-09-19 14:00:09: Delete File //rellanif023/c$/wamp/www/almacen/formatos/RSEPALDO/x_solicitud.php
2025-09-19 14:00:09: Copy Over 'C:/wamp/www/netlosllanos/almacen/menuprincipal.php' -> '//rellanif023/c$/wamp/www/almacen/menuprincipal.php' (22,406)
2025-09-19 14:00:09: Copy Over 'C:/wamp/www/netlosllanos/almacen/formatos/x_ingreso.php' -> '//rellanif023/c$/wamp/www/almacen/formatos/x_ingreso.php' (10,753)
2025-09-19 14:00:09: Delete Folder //rellanif023/c$/wamp/www/almacen/formatos/RSEPALDO
2025-09-19 14:00:09: Copy Over 'C:/wamp/www/netlosllanos/bienes/menuprincipal.php' -> '//rellanif023/c$/wamp/www/bienes/menuprincipal.php' (3,725)
2025-09-19 14:00:09: Copy Over 'C:/wamp/www/netlosllanos/almacen/formatos/x_solicitud.php' -> '//rellanif023/c$/wamp/www/almacen/formatos/x_solicitud.php' (11,749)
2025-09-19 14:00:10: Save State File C:/wamp/www/netlosllanos/_gsdata_/_file_state_v4._gs
2025-09-19 14:00:11: Save State File //rellanif023/c$/wamp/www/_gsdata_/_file_state_v4._gs
2025-09-19 14:00:23: == Sync Complete. Time: 00:00:15, Speed: 0.00/s, OK: 38, Errors: 0
